{"C:\\Users\\IT\\Documents\\GitHub Repository\\Patient_Feedback\\frontend\\index.ts": {"path":"C:\\Users\\IT\\Documents\\GitHub Repository\\Patient_Feedback\\frontend\\index.ts","statementMap":{"0":{"start":{"line":9,"column":0},"end":{"line":9,"column":null}},"1":{"start":{"line":10,"column":2},"end":{"line":10,"column":null}},"2":{"start":{"line":11,"column":2},"end":{"line":11,"column":null}},"3":{"start":{"line":12,"column":2},"end":{"line":12,"column":null}},"4":{"start":{"line":22,"column":0},"end":{"line":22,"column":null}},"5":{"start":{"line":27,"column":2},"end":{"line":27,"column":null}},"6":{"start":{"line":28,"column":2},"end":{"line":28,"column":null}},"7":{"start":{"line":29,"column":2},"end":{"line":29,"column":null}},"8":{"start":{"line":33,"column":0},"end":{"line":33,"column":null}},"9":{"start":{"line":34,"column":2},"end":{"line":34,"column":null}},"10":{"start":{"line":35,"column":2},"end":{"line":35,"column":null}},"11":{"start":{"line":36,"column":2},"end":{"line":36,"column":null}}},"fnMap":{"0":{"name":"(anonymous_0)","decl":{"start":{"line":10,"column":2},"end":{"line":10,"column":15}},"loc":{"start":{"line":10,"column":2},"end":{"line":10,"column":null}}},"1":{"name":"(anonymous_1)","decl":{"start":{"line":11,"column":2},"end":{"line":11,"column":10}},"loc":{"start":{"line":11,"column":2},"end":{"line":11,"column":null}}},"2":{"name":"(anonymous_2)","decl":{"start":{"line":12,"column":2},"end":{"line":12,"column":16}},"loc":{"start":{"line":12,"column":2},"end":{"line":12,"column":null}}},"3":{"name":"(anonymous_3)","decl":{"start":{"line":27,"column":2},"end":{"line":27,"column":21}},"loc":{"start":{"line":27,"column":2},"end":{"line":27,"column":null}}},"4":{"name":"(anonymous_4)","decl":{"start":{"line":28,"column":2},"end":{"line":28,"column":20}},"loc":{"start":{"line":28,"column":2},"end":{"line":28,"column":null}}},"5":{"name":"(anonymous_5)","decl":{"start":{"line":29,"column":2},"end":{"line":29,"column":22}},"loc":{"start":{"line":29,"column":2},"end":{"line":29,"column":null}}},"6":{"name":"(anonymous_6)","decl":{"start":{"line":34,"column":2},"end":{"line":34,"column":17}},"loc":{"start":{"line":34,"column":2},"end":{"line":34,"column":null}}},"7":{"name":"(anonymous_7)","decl":{"start":{"line":35,"column":2},"end":{"line":35,"column":19}},"loc":{"start":{"line":35,"column":2},"end":{"line":35,"column":null}}},"8":{"name":"(anonymous_8)","decl":{"start":{"line":36,"column":2},"end":{"line":36,"column":15}},"loc":{"start":{"line":36,"column":2},"end":{"line":36,"column":null}}}},"branchMap":{},"s":{"0":2,"1":13,"2":13,"3":3,"4":2,"5":4,"6":4,"7":4,"8":2,"9":5,"10":5,"11":2},"f":{"0":11,"1":11,"2":1,"3":2,"4":2,"5":2,"6":3,"7":3,"8":0},"b":{}}
,"C:\\Users\\IT\\Documents\\GitHub Repository\\Patient_Feedback\\frontend\\api\\operators-client.ts": {"path":"C:\\Users\\IT\\Documents\\GitHub Repository\\Patient_Feedback\\frontend\\api\\operators-client.ts","statementMap":{"0":{"start":{"line":31,"column":4},"end":{"line":31,"column":19}},"1":{"start":{"line":28,"column":11},"end":{"line":28,"column":26}},"2":{"start":{"line":29,"column":11},"end":{"line":29,"column":25}},"3":{"start":{"line":32,"column":4},"end":{"line":32,"column":36}},"4":{"start":{"line":25,"column":0},"end":{"line":25,"column":13}},"5":{"start":{"line":58,"column":4},"end":{"line":58,"column":61}},"6":{"start":{"line":59,"column":4},"end":{"line":62,"column":6}},"7":{"start":{"line":63,"column":4},"end":{"line":63,"column":43}},"8":{"start":{"line":103,"column":4},"end":{"line":106,"column":6}},"9":{"start":{"line":115,"column":23},"end":{"line":115,"column":44}},"10":{"start":{"line":116,"column":22},"end":{"line":116,"column":72}},"11":{"start":{"line":116,"column":39},"end":{"line":116,"column":57}},"12":{"start":{"line":118,"column":4},"end":{"line":162,"column":5}},"13":{"start":{"line":119,"column":18},"end":{"line":119,"column":46}},"14":{"start":{"line":120,"column":23},"end":{"line":125,"column":8}},"15":{"start":{"line":127,"column":6},"end":{"line":127,"column":30}},"16":{"start":{"line":129,"column":6},"end":{"line":142,"column":7}},"17":{"start":{"line":131,"column":8},"end":{"line":135,"column":9}},"18":{"start":{"line":132,"column":10},"end":{"line":132,"column":44}},"19":{"start":{"line":134,"column":10},"end":{"line":134,"column":44}},"20":{"start":{"line":137,"column":8},"end":{"line":141,"column":10}},"21":{"start":{"line":144,"column":6},"end":{"line":144,"column":35}},"22":{"start":{"line":146,"column":6},"end":{"line":146,"column":30}},"23":{"start":{"line":148,"column":6},"end":{"line":150,"column":7}},"24":{"start":{"line":149,"column":8},"end":{"line":149,"column":20}},"25":{"start":{"line":152,"column":6},"end":{"line":159,"column":7}},"26":{"start":{"line":153,"column":8},"end":{"line":157,"column":9}},"27":{"start":{"line":154,"column":10},"end":{"line":156,"column":12}},"28":{"start":{"line":158,"column":8},"end":{"line":158,"column":71}},"29":{"start":{"line":161,"column":6},"end":{"line":161,"column":60}},"30":{"start":{"line":52,"column":0},"end":{"line":52,"column":13}},"31":{"start":{"line":181,"column":13},"end":{"line":181,"column":51}}},"fnMap":{"0":{"name":"(anonymous_0)","decl":{"start":{"line":26,"column":2},"end":{"line":26,"column":null}},"loc":{"start":{"line":29,"column":25},"end":{"line":33,"column":3}}},"1":{"name":"(anonymous_1)","decl":{"start":{"line":57,"column":2},"end":{"line":57,"column":14}},"loc":{"start":{"line":57,"column":48},"end":{"line":64,"column":3}}},"2":{"name":"(anonymous_2)","decl":{"start":{"line":100,"column":2},"end":{"line":100,"column":7}},"loc":{"start":{"line":101,"column":32},"end":{"line":107,"column":3}}},"3":{"name":"(anonymous_3)","decl":{"start":{"line":114,"column":10},"end":{"line":114,"column":15}},"loc":{"start":{"line":114,"column":51},"end":{"line":163,"column":3}}},"4":{"name":"(anonymous_4)","decl":{"start":{"line":116,"column":33},"end":{"line":116,"column":36}},"loc":{"start":{"line":116,"column":39},"end":{"line":116,"column":57}}}},"branchMap":{"0":{"loc":{"start":{"line":57,"column":14},"end":{"line":57,"column":48}},"type":"default-arg","locations":[{"start":{"line":57,"column":46},"end":{"line":57,"column":48}}]},"1":{"loc":{"start":{"line":58,"column":19},"end":{"line":58,"column":60}},"type":"binary-expr","locations":[{"start":{"line":58,"column":19},"end":{"line":58,"column":33}},{"start":{"line":58,"column":37},"end":{"line":58,"column":60}}]},"2":{"loc":{"start":{"line":63,"column":19},"end":{"line":63,"column":42}},"type":"binary-expr","locations":[{"start":{"line":63,"column":19},"end":{"line":63,"column":33}},{"start":{"line":63,"column":37},"end":{"line":63,"column":42}}]},"3":{"loc":{"start":{"line":129,"column":6},"end":{"line":142,"column":7}},"type":"if","locations":[{"start":{"line":129,"column":6},"end":{"line":142,"column":7}}]},"4":{"loc":{"start":{"line":148,"column":6},"end":{"line":150,"column":7}},"type":"if","locations":[{"start":{"line":148,"column":6},"end":{"line":150,"column":7}}]},"5":{"loc":{"start":{"line":152,"column":6},"end":{"line":159,"column":7}},"type":"if","locations":[{"start":{"line":152,"column":6},"end":{"line":159,"column":7}}]},"6":{"loc":{"start":{"line":153,"column":8},"end":{"line":157,"column":9}},"type":"if","locations":[{"start":{"line":153,"column":8},"end":{"line":157,"column":9}}]}},"s":{"0":10,"1":10,"2":10,"3":10,"4":2,"5":25,"6":25,"7":25,"8":10,"9":10,"10":10,"11":0,"12":10,"13":10,"14":10,"15":8,"16":8,"17":4,"18":4,"19":1,"20":4,"21":4,"22":6,"23":6,"24":4,"25":2,"26":2,"27":1,"28":1,"29":0,"30":2,"31":2},"f":{"0":10,"1":25,"2":10,"3":10,"4":0},"b":{"0":[3],"1":[25,5],"2":[25,23],"3":[4],"4":[4],"5":[2],"6":[1]}}
,"C:\\Users\\IT\\Documents\\GitHub Repository\\Patient_Feedback\\frontend\\types\\operators\\base.ts": {"path":"C:\\Users\\IT\\Documents\\GitHub Repository\\Patient_Feedback\\frontend\\types\\operators\\base.ts","statementMap":{"0":{"start":{"line":12,"column":0},"end":{"line":12,"column":null}},"1":{"start":{"line":13,"column":2},"end":{"line":13,"column":null}},"2":{"start":{"line":14,"column":2},"end":{"line":14,"column":null}},"3":{"start":{"line":15,"column":2},"end":{"line":15,"column":null}},"4":{"start":{"line":16,"column":2},"end":{"line":16,"column":null}},"5":{"start":{"line":17,"column":2},"end":{"line":17,"column":null}},"6":{"start":{"line":18,"column":2},"end":{"line":18,"column":null}},"7":{"start":{"line":19,"column":2},"end":{"line":19,"column":null}},"8":{"start":{"line":26,"column":0},"end":{"line":26,"column":null}},"9":{"start":{"line":28,"column":2},"end":{"line":28,"column":null}},"10":{"start":{"line":30,"column":2},"end":{"line":30,"column":null}},"11":{"start":{"line":32,"column":2},"end":{"line":32,"column":null}},"12":{"start":{"line":39,"column":0},"end":{"line":39,"column":null}},"13":{"start":{"line":40,"column":2},"end":{"line":40,"column":null}},"14":{"start":{"line":41,"column":2},"end":{"line":41,"column":null}},"15":{"start":{"line":42,"column":2},"end":{"line":42,"column":null}},"16":{"start":{"line":43,"column":2},"end":{"line":43,"column":null}}},"fnMap":{"0":{"name":"(anonymous_0)","decl":{"start":{"line":12,"column":0},"end":{"line":12,"column":12}},"loc":{"start":{"line":12,"column":25},"end":{"line":20,"column":1}}},"1":{"name":"(anonymous_1)","decl":{"start":{"line":26,"column":0},"end":{"line":26,"column":12}},"loc":{"start":{"line":26,"column":20},"end":{"line":33,"column":1}}},"2":{"name":"(anonymous_2)","decl":{"start":{"line":39,"column":0},"end":{"line":39,"column":12}},"loc":{"start":{"line":39,"column":26},"end":{"line":44,"column":1}}}},"branchMap":{"0":{"loc":{"start":{"line":12,"column":12},"end":{"line":12,"column":null}},"type":"binary-expr","locations":[{"start":{"line":12,"column":12},"end":{"line":12,"column":25}},{"start":{"line":12,"column":25},"end":{"line":12,"column":null}}]},"1":{"loc":{"start":{"line":26,"column":12},"end":{"line":26,"column":null}},"type":"binary-expr","locations":[{"start":{"line":26,"column":12},"end":{"line":26,"column":20}},{"start":{"line":26,"column":20},"end":{"line":26,"column":null}}]},"2":{"loc":{"start":{"line":39,"column":12},"end":{"line":39,"column":null}},"type":"binary-expr","locations":[{"start":{"line":39,"column":12},"end":{"line":39,"column":26}},{"start":{"line":39,"column":26},"end":{"line":39,"column":null}}]}},"s":{"0":4,"1":4,"2":4,"3":4,"4":4,"5":4,"6":4,"7":4,"8":4,"9":4,"10":4,"11":4,"12":4,"13":4,"14":4,"15":4,"16":4},"f":{"0":4,"1":4,"2":4},"b":{"0":[4,4],"1":[4,4],"2":[4,4]}}
,"C:\\Users\\IT\\Documents\\GitHub Repository\\Patient_Feedback\\frontend\\types\\operators\\distribution.ts": {"path":"C:\\Users\\IT\\Documents\\GitHub Repository\\Patient_Feedback\\frontend\\types\\operators\\distribution.ts","statementMap":{"0":{"start":{"line":69,"column":0},"end":{"line":69,"column":16}},"1":{"start":{"line":78,"column":0},"end":{"line":78,"column":16}},"2":{"start":{"line":87,"column":0},"end":{"line":87,"column":16}},"3":{"start":{"line":8,"column":0},"end":{"line":8,"column":null}},"4":{"start":{"line":72,"column":2},"end":{"line":72,"column":84}},"5":{"start":{"line":81,"column":2},"end":{"line":81,"column":84}},"6":{"start":{"line":90,"column":2},"end":{"line":90,"column":89}}},"fnMap":{"0":{"name":"isSingleModeRequest","decl":{"start":{"line":69,"column":16},"end":{"line":69,"column":35}},"loc":{"start":{"line":70,"column":30},"end":{"line":73,"column":1}}},"1":{"name":"isMultiModeRequest","decl":{"start":{"line":78,"column":16},"end":{"line":78,"column":34}},"loc":{"start":{"line":79,"column":30},"end":{"line":82,"column":1}}},"2":{"name":"isBinarySplitRequest","decl":{"start":{"line":87,"column":16},"end":{"line":87,"column":36}},"loc":{"start":{"line":88,"column":30},"end":{"line":91,"column":1}}}},"branchMap":{"0":{"loc":{"start":{"line":72,"column":9},"end":{"line":72,"column":83}},"type":"binary-expr","locations":[{"start":{"line":72,"column":9},"end":{"line":72,"column":46}},{"start":{"line":72,"column":50},"end":{"line":72,"column":83}}]},"1":{"loc":{"start":{"line":81,"column":9},"end":{"line":81,"column":83}},"type":"binary-expr","locations":[{"start":{"line":81,"column":9},"end":{"line":81,"column":45}},{"start":{"line":81,"column":49},"end":{"line":81,"column":83}}]},"2":{"loc":{"start":{"line":90,"column":9},"end":{"line":90,"column":88}},"type":"binary-expr","locations":[{"start":{"line":90,"column":9},"end":{"line":90,"column":52}},{"start":{"line":90,"column":56},"end":{"line":90,"column":88}}]}},"s":{"0":3,"1":3,"2":3,"3":3,"4":3,"5":3,"6":3},"f":{"0":3,"1":3,"2":3},"b":{"0":[3,2],"1":[3,2],"2":[3,2]}}
}
