TN:
SF:index.ts
FN:10,(anonymous_0)
FN:11,(anonymous_1)
FN:12,(anonymous_2)
FN:27,(anonymous_3)
FN:28,(anonymous_4)
FN:29,(anonymous_5)
FN:34,(anonymous_6)
FN:35,(anonymous_7)
FN:36,(anonymous_8)
FNF:9
FNH:8
FNDA:11,(anonymous_0)
FNDA:11,(anonymous_1)
FNDA:1,(anonymous_2)
FNDA:2,(anonymous_3)
FNDA:2,(anonymous_4)
FNDA:2,(anonymous_5)
FNDA:3,(anonymous_6)
FNDA:3,(anonymous_7)
FNDA:0,(anonymous_8)
DA:9,2
DA:10,13
DA:11,13
DA:12,3
DA:22,2
DA:27,4
DA:28,4
DA:29,4
DA:33,2
DA:34,5
DA:35,5
DA:36,2
LF:12
LH:12
BRF:0
BRH:0
end_of_record
TN:
SF:api\operators-client.ts
FN:26,(anonymous_0)
FN:57,(anonymous_1)
FN:100,(anonymous_2)
FN:114,(anonymous_3)
FN:116,(anonymous_4)
FNF:5
FNH:4
FNDA:10,(anonymous_0)
FNDA:25,(anonymous_1)
FNDA:10,(anonymous_2)
FNDA:10,(anonymous_3)
FNDA:0,(anonymous_4)
DA:25,2
DA:28,10
DA:29,10
DA:31,10
DA:32,10
DA:52,2
DA:58,25
DA:59,25
DA:63,25
DA:103,10
DA:115,10
DA:116,10
DA:118,10
DA:119,10
DA:120,10
DA:127,8
DA:129,8
DA:131,4
DA:132,4
DA:134,1
DA:137,4
DA:144,4
DA:146,6
DA:148,6
DA:149,4
DA:152,2
DA:153,2
DA:154,1
DA:158,1
DA:161,0
DA:181,2
LF:31
LH:30
BRDA:57,0,0,3
BRDA:58,1,0,25
BRDA:58,1,1,5
BRDA:63,2,0,25
BRDA:63,2,1,23
BRDA:129,3,0,4
BRDA:148,4,0,4
BRDA:152,5,0,2
BRDA:153,6,0,1
BRF:9
BRH:9
end_of_record
TN:
SF:types\operators\base.ts
FN:12,(anonymous_0)
FN:26,(anonymous_1)
FN:39,(anonymous_2)
FNF:3
FNH:3
FNDA:4,(anonymous_0)
FNDA:4,(anonymous_1)
FNDA:4,(anonymous_2)
DA:12,4
DA:13,4
DA:14,4
DA:15,4
DA:16,4
DA:17,4
DA:18,4
DA:19,4
DA:26,4
DA:28,4
DA:30,4
DA:32,4
DA:39,4
DA:40,4
DA:41,4
DA:42,4
DA:43,4
LF:17
LH:17
BRDA:12,0,0,4
BRDA:12,0,1,4
BRDA:26,1,0,4
BRDA:26,1,1,4
BRDA:39,2,0,4
BRDA:39,2,1,4
BRF:6
BRH:6
end_of_record
TN:
SF:types\operators\distribution.ts
FN:69,isSingleModeRequest
FN:78,isMultiModeRequest
FN:87,isBinarySplitRequest
FNF:3
FNH:3
FNDA:3,isSingleModeRequest
FNDA:3,isMultiModeRequest
FNDA:3,isBinarySplitRequest
DA:8,3
DA:69,3
DA:72,3
DA:78,3
DA:81,3
DA:87,3
DA:90,3
LF:7
LH:7
BRDA:72,0,0,3
BRDA:72,0,1,2
BRDA:81,1,0,3
BRDA:81,1,1,2
BRDA:90,2,0,3
BRDA:90,2,1,2
BRF:6
BRH:6
end_of_record
